<?xml version="1.0" encoding="UTF-8"?>
<!-- Generated by org.testng.reporters.JUnitReportReporter -->
<testsuite skipped="0" hostname="PC-20200730EQAC" name="com.webtest.demo.demo" tests="1" failures="0" timestamp="2020-12-11T14:49:39 CST" time="20.669" errors="0">
  <testcase name="test42" time="20.669" classname="com.webtest.demo.demo"/>
  <system-out/>
</testsuite> <!-- com.webtest.demo.demo -->
