<?xml version="1.0" encoding="UTF-8"?>
<!-- Generated by org.testng.reporters.JUnitReportReporter -->
<testsuite skipped="0" hostname="DESKTOP-5TOTOK8" name="com.webtest.zchdemo.zchExcelDataTest" tests="2" failures="0" timestamp="2020-12-11T14:21:08 CST" time="43.780" errors="0">
  <testcase name="test01" time="23.118" classname="com.webtest.zchdemo.zchExcelDataTest"/>
  <system-out/>
  <testcase name="test01" time="20.662" classname="com.webtest.zchdemo.zchExcelDataTest"/>
  <system-out/>
</testsuite> <!-- com.webtest.zchdemo.zchExcelDataTest -->
