<?xml version="1.0" encoding="UTF-8"?>
<!-- Generated by org.testng.reporters.JUnitReportReporter -->
<testsuite skipped="0" hostname="DESKTOP-5TOTOK8" name="com.webtest.zchdemo.zchExcelDataTest" tests="2" failures="0" timestamp="2020-12-11T14:45:23 CST" time="42.514" errors="0">
  <testcase name="test01" time="20.528" classname="com.webtest.zchdemo.zchExcelDataTest"/>
  <system-out/>
  <testcase name="test01" time="21.986" classname="com.webtest.zchdemo.zchExcelDataTest"/>
  <system-out/>
</testsuite> <!-- com.webtest.zchdemo.zchExcelDataTest -->
