<?xml version="1.0" encoding="UTF-8"?>
<!-- Generated by org.testng.reporters.JUnitReportReporter -->
<testsuite skipped="0" hostname="wqq" name="com.webtest.dataprovider.NSDataProvider" tests="3" failures="0" timestamp="2020-11-27T13:57:42 CST" time="0.007" errors="0">
  <testcase name="test1" time="0.001" classname="com.webtest.dataprovider.NSDataProvider"/>
  <system-out/>
  <testcase name="test1" time="0.005" classname="com.webtest.dataprovider.NSDataProvider"/>
  <system-out/>
  <testcase name="test1" time="0.001" classname="com.webtest.dataprovider.NSDataProvider"/>
  <system-out/>
</testsuite> <!-- com.webtest.dataprovider.NSDataProvider -->
