<?xml version="1.0" encoding="UTF-8"?>
<!-- Generated by org.testng.reporters.JUnitReportReporter -->
<testsuite skipped="0" hostname="wqq" name="com.webtest.javamail.SendHTMLMail" tests="1" failures="0" timestamp="2020-11-12T11:01:25 CST" time="9.930" errors="0">
  <testcase name="send" time="9.930" classname="com.webtest.javamail.SendHTMLMail"/>
  <system-out/>
</testsuite> <!-- com.webtest.javamail.SendHTMLMail -->
