<?xml version="1.0" encoding="UTF-8"?>
<!-- Generated by org.testng.reporters.JUnitReportReporter -->
<testsuite skipped="0" hostname="wqq" name="com.webtest.practical.test1111" tests="1" failures="0" timestamp="2020-11-12T10:14:50 CST" time="0.004" errors="0">
  <testcase name="test3" time="0.004" classname="com.webtest.practical.test1111"/>
  <system-out/>
</testsuite> <!-- com.webtest.practical.test1111 -->
