<?xml version="1.0" encoding="UTF-8"?>
<!-- Generated by org.testng.reporters.JUnitReportReporter -->
<testsuite skipped="0" hostname="wqq" name="com.webtest.demo.Testui" tests="1" failures="0" timestamp="2020-12-10T21:14:43 CST" time="30.427" errors="0">
  <testcase name="order_test55" time="30.427" classname="com.webtest.demo.Testui"/>
  <system-out/>
</testsuite> <!-- com.webtest.demo.Testui -->
