<?xml version="1.0" encoding="UTF-8"?>
<!-- Generated by org.testng.reporters.JUnitReportReporter -->
<testsuite skipped="1" hostname="DESKTOP-OJ640DK" name="com.webtest.demo.ExcelDemo" tests="1" failures="0" timestamp="2020-12-09T11:13:21 CST" time="0.000" errors="0">
  <testcase name="test_usernameisEnglish_regist" time="0.000" classname="com.webtest.demo.ExcelDemo">
    <skipped/>
  </testcase> <!-- test_usernameisEnglish_regist -->
  <system-out/>
</testsuite> <!-- com.webtest.demo.ExcelDemo -->
