<?xml version="1.0" encoding="UTF-8"?>
<!-- Generated by org.testng.reporters.JUnitReportReporter -->
<testsuite skipped="0" hostname="LAPTOP-97AVU8KE" name="com.webtest.demo.ExcelDateTest" tests="1" failures="0" timestamp="2020-11-30T17:22:54 CST" time="88.489" errors="0">
  <testcase name="cart_test38" time="88.489" classname="com.webtest.demo.ExcelDateTest"/>
  <system-out/>
</testsuite> <!-- com.webtest.demo.ExcelDateTest -->
